<?xml version="1.0" encoding="UTF-8"?>
<testsuite xmlns:xsi="http://www.w3.org/2001/XMLSchema-instance" xsi:schemaLocation="https://maven.apache.org/surefire/maven-surefire-plugin/xsd/surefire-test-report.xsd" name="TestSuite" time="19.843" tests="35" errors="0" skipped="0" failures="1">
  <properties>
    <property name="java.runtime.name" value="Java(TM) SE Runtime Environment"/>
    <property name="sun.boot.library.path" value="C:\Program Files\Java\jdk1.8.0_191\jre\bin"/>
    <property name="java.vm.version" value="25.191-b12"/>
    <property name="java.vm.vendor" value="Oracle Corporation"/>
    <property name="maven.multiModuleProjectDirectory" value="C:\Users\akhils\Downloads\eclipse-java-neon-3-win32-x86_64\eclipse\${project_loc:MedicalCopilot}"/>
    <property name="java.vendor.url" value="http://java.oracle.com/"/>
    <property name="path.separator" value=";"/>
    <property name="guice.disable.misplaced.annotation.check" value="true"/>
    <property name="java.vm.name" value="Java HotSpot(TM) 64-Bit Server VM"/>
    <property name="file.encoding.pkg" value="sun.io"/>
    <property name="user.script" value=""/>
    <property name="user.country" value="IN"/>
    <property name="sun.java.launcher" value="SUN_STANDARD"/>
    <property name="sun.os.patch.level" value="Service Pack 1"/>
    <property name="java.vm.specification.name" value="Java Virtual Machine Specification"/>
    <property name="user.dir" value="C:\Users\akhils\workspace\MedicalCopilot"/>
    <property name="java.runtime.version" value="1.8.0_191-b12"/>
    <property name="java.awt.graphicsenv" value="sun.awt.Win32GraphicsEnvironment"/>
    <property name="java.endorsed.dirs" value="C:\Program Files\Java\jdk1.8.0_191\jre\lib\endorsed"/>
    <property name="os.arch" value="amd64"/>
    <property name="java.io.tmpdir" value="C:\Users\akhils\AppData\Local\Temp\"/>
    <property name="line.separator" value="&#10;"/>
    <property name="java.vm.specification.vendor" value="Oracle Corporation"/>
    <property name="user.variant" value=""/>
    <property name="os.name" value="Windows 7"/>
    <property name="classworlds.conf" value="C:\Users\akhils\workspace\.metadata\.plugins\org.eclipse.m2e.launching\launches\m2conf3217236589941751548.tmp"/>
    <property name="sun.jnu.encoding" value="Cp1252"/>
    <property name="java.library.path" value="C:\Program Files\Java\jdk1.8.0_191\bin;C:\Windows\Sun\Java\bin;C:\Windows\system32;C:\Windows;C:/Program Files/Java/jre1.8.0_191/bin/server;C:/Program Files/Java/jre1.8.0_191/bin;C:/Program Files/Java/jre1.8.0_191/lib/amd64;C:\Program Files (x86)\Common Files\Oracle\Java\javapath;C:\Program Files (x86)\AMD APP\bin\x86_64;C:\Program Files (x86)\AMD APP\bin\x86;C:\Windows\system32;C:\Windows;C:\Windows\System32\Wbem;C:\Windows\System32\WindowsPowerShell\v1.0\;C:\Program Files (x86)\ATI Technologies\ATI.ACE\Core-Static;C:\Program Files (x86)\Microsoft SQL Server\Client SDK\ODBC\130\Tools\Binn\;C:\Program Files (x86)\Microsoft SQL Server\140\Tools\Binn\;C:\Program Files (x86)\Microsoft SQL Server\140\DTS\Binn\;C:\Program Files (x86)\Microsoft SQL Server\140\Tools\Binn\ManagementStudio\;C:\Windows\System32\WindowsPowerShell\v1.0\;C:\Program Files\Microsoft\Web Platform Installer\;C:\Program Files\Microsoft SQL Server\120\Tools\Binn\;C:\Program Files\Microsoft SQL Server\130\Tools\Binn\;C:\Program Files\dotnet\;C:\Windows\System32\WindowsPowerShell\v1.0\;C:\Windows\System32\WindowsPowerShell\v1.0\;C:\Program Files\Git\cmd;C:\Program Files\Java\jdk1.8.0_191\bin;D:\apache-maven-3.5.4\bin;C:\Users\akhils\Downloads\eclipse-java-neon-3-win32-x86_64\eclipse;;."/>
    <property name="java.specification.name" value="Java Platform API Specification"/>
    <property name="java.class.version" value="52.0"/>
    <property name="sun.management.compiler" value="HotSpot 64-Bit Tiered Compilers"/>
    <property name="os.version" value="6.1"/>
    <property name="user.home" value="C:\Users\akhils"/>
    <property name="user.timezone" value="Asia/Calcutta"/>
    <property name="java.awt.printerjob" value="sun.awt.windows.WPrinterJob"/>
    <property name="java.specification.version" value="1.8"/>
    <property name="file.encoding" value="Cp1252"/>
    <property name="user.name" value="AkhilS"/>
    <property name="java.class.path" value="/C:/Users/akhils/Downloads/eclipse-java-neon-3-win32-x86_64/eclipse/plugins/org.eclipse.m2e.maven.runtime_1.6.2.20150902-0001/jars/plexus-classworlds-2.5.2.jar"/>
    <property name="java.vm.specification.version" value="1.8"/>
    <property name="sun.arch.data.model" value="64"/>
    <property name="java.home" value="C:\Program Files\Java\jdk1.8.0_191\jre"/>
    <property name="sun.java.command" value="org.codehaus.plexus.classworlds.launcher.Launcher -B test"/>
    <property name="java.specification.vendor" value="Oracle Corporation"/>
    <property name="user.language" value="en"/>
    <property name="awt.toolkit" value="sun.awt.windows.WToolkit"/>
    <property name="java.vm.info" value="mixed mode"/>
    <property name="java.version" value="1.8.0_191"/>
    <property name="java.ext.dirs" value="C:\Program Files\Java\jdk1.8.0_191\jre\lib\ext;C:\Windows\Sun\Java\lib\ext"/>
    <property name="sun.boot.class.path" value="C:\Program Files\Java\jdk1.8.0_191\jre\lib\resources.jar;C:\Program Files\Java\jdk1.8.0_191\jre\lib\rt.jar;C:\Program Files\Java\jdk1.8.0_191\jre\lib\sunrsasign.jar;C:\Program Files\Java\jdk1.8.0_191\jre\lib\jsse.jar;C:\Program Files\Java\jdk1.8.0_191\jre\lib\jce.jar;C:\Program Files\Java\jdk1.8.0_191\jre\lib\charsets.jar;C:\Program Files\Java\jdk1.8.0_191\jre\lib\jfr.jar;C:\Program Files\Java\jdk1.8.0_191\jre\classes"/>
    <property name="java.vendor" value="Oracle Corporation"/>
    <property name="maven.home" value="C:\Users\akhils\workspace\MedicalCopilot\EMBEDDED"/>
    <property name="file.separator" value="\"/>
    <property name="java.vendor.url.bug" value="http://bugreport.sun.com/bugreport/"/>
    <property name="sun.cpu.endian" value="little"/>
    <property name="sun.io.unicode.encoding" value="UnicodeLittle"/>
    <property name="sun.desktop" value="windows"/>
    <property name="sun.cpu.isalist" value="amd64"/>
  </properties>
  <testcase name="instanceDbProvider" classname="Test.java.TestCases.Dataprovider1" time="0.001"/>
  <testcase name="instanceDbProvider" classname="Test.java.TestCases.Dataprovider1" time="0"/>
  <testcase name="instanceDbProvider" classname="Test.java.TestCases.Dataprovider1" time="17.464">
    <failure message="chrome not reachable&#10;  (Session info: chrome=80.0.3987.162)&#10;  (Driver info: chromedriver=2.43.600210 (68dcf5eebde37173d4027fa8635e332711d2874a),platform=Windows NT 6.1.7601 SP1 x86_64) (WARNING: The server did not provide any stacktrace information)&#10;Command duration or timeout: 245 milliseconds&#10;Build info: version: &apos;3.0.1&apos;, revision: &apos;1969d75&apos;, time: &apos;2016-10-18 09:49:13 -0700&apos;&#10;System info: host: &apos;LXI358&apos;, ip: &apos;10.75.10.27&apos;, os.name: &apos;Windows 7&apos;, os.arch: &apos;amd64&apos;, os.version: &apos;6.1&apos;, java.version: &apos;1.8.0_191&apos;&#10;Driver info: org.openqa.selenium.chrome.ChromeDriver&#10;Capabilities [{mobileEmulationEnabled=false, hasTouchScreen=false, platform=XP, acceptSslCerts=false, goog:chromeOptions={debuggerAddress=localhost:53361}, acceptInsecureCerts=false, webStorageEnabled=true, browserName=chrome, takesScreenshot=true, javascriptEnabled=true, setWindowRect=true, unexpectedAlertBehaviour=, applicationCacheEnabled=false, rotatable=false, networkConnectionEnabled=false, chrome={chromedriverVersion=2.43.600210 (68dcf5eebde37173d4027fa8635e332711d2874a), userDataDir=C:\Users\akhils\AppData\Local\Temp\scoped_dir12564_321}, takesHeapSnapshot=true, pageLoadStrategy=normal, databaseEnabled=false, handlesAlerts=true, version=80.0.3987.162, browserConnectionEnabled=false, nativeEvents=true, locationContextEnabled=true, cssSelectorsEnabled=true}]&#10;Session ID: 1a3c5d758860b9adb358f3a92ac11677" type="org.openqa.selenium.WebDriverException">org.openqa.selenium.WebDriverException: 
chrome not reachable
  (Session info: chrome=80.0.3987.162)
  (Driver info: chromedriver=2.43.600210 (68dcf5eebde37173d4027fa8635e332711d2874a),platform=Windows NT 6.1.7601 SP1 x86_64) (WARNING: The server did not provide any stacktrace information)
Command duration or timeout: 245 milliseconds
Build info: version: '3.0.1', revision: '1969d75', time: '2016-10-18 09:49:13 -0700'
System info: host: 'LXI358', ip: '10.75.10.27', os.name: 'Windows 7', os.arch: 'amd64', os.version: '6.1', java.version: '1.8.0_191'
Driver info: org.openqa.selenium.chrome.ChromeDriver
Capabilities [{mobileEmulationEnabled=false, hasTouchScreen=false, platform=XP, acceptSslCerts=false, goog:chromeOptions={debuggerAddress=localhost:53361}, acceptInsecureCerts=false, webStorageEnabled=true, browserName=chrome, takesScreenshot=true, javascriptEnabled=true, setWindowRect=true, unexpectedAlertBehaviour=, applicationCacheEnabled=false, rotatable=false, networkConnectionEnabled=false, chrome={chromedriverVersion=2.43.600210 (68dcf5eebde37173d4027fa8635e332711d2874a), userDataDir=C:\Users\akhils\AppData\Local\Temp\scoped_dir12564_321}, takesHeapSnapshot=true, pageLoadStrategy=normal, databaseEnabled=false, handlesAlerts=true, version=80.0.3987.162, browserConnectionEnabled=false, nativeEvents=true, locationContextEnabled=true, cssSelectorsEnabled=true}]
Session ID: 1a3c5d758860b9adb358f3a92ac11677
	at Test.java.TestCases.Dataprovider1.instanceDbProvider(Dataprovider1.java:160)
</failure>
    <system-out><![CDATA[Value of path in Test C:\Users\akhils\workspace\MedicalCopilot
TC2
Y
Chrome
final1
final2
TestcaseNameTC2
Y------------TC2
Path22C:\Users\akhils\workspace\MedicalCopilot
final3
dsChrome
final5
Webdriver valueChromeDriver: chrome on XP (1a3c5d758860b9adb358f3a92ac11677)finalsakhishet992
Start981
Start982
Start983
Start984
Start985
Start986
Start987
Start988
Start989
Start9810
Start9811
Start9812
Start9813
Start9814
Start9815
Start9816
Start9817
Start9818
Start9819
Start9820
Start9821
Start9822
Start9823
Start9824
Start9825
Navigate to HV URL--------launchBrowser-------NA--------NA-------Url--------P1--------YDemo1 cell vcalue
Demo1 cell vcalueNavigate to HV URL
Demo2
Demo3
I m in switch : launchBrowser
I m in switch : 
I m in switch : 
I m in switch : 
i am in launch
ChromeDriver: chrome on XP (1a3c5d758860b9adb358f3a92ac11677)
ChromeDriver: chrome on XP (1a3c5d758860b9adb358f3a92ac11677)
Exception in LaunchBrowser Action : org.openqa.selenium.WebDriverException: chrome not reachable
  (Session info: chrome=80.0.3987.162)
  (Driver info: chromedriver=2.43.600210 (68dcf5eebde37173d4027fa8635e332711d2874a),platform=Windows NT 6.1.7601 SP1 x86_64) (WARNING: The server did not provide any stacktrace information)
Command duration or timeout: 4.12 seconds
Build info: version: '3.0.1', revision: '1969d75', time: '2016-10-18 09:49:13 -0700'
System info: host: 'LXI358', ip: '10.75.10.27', os.name: 'Windows 7', os.arch: 'amd64', os.version: '6.1', java.version: '1.8.0_191'
Driver info: org.openqa.selenium.chrome.ChromeDriver
Capabilities [{mobileEmulationEnabled=false, hasTouchScreen=false, platform=XP, acceptSslCerts=false, goog:chromeOptions={debuggerAddress=localhost:53361}, acceptInsecureCerts=false, webStorageEnabled=true, browserName=chrome, takesScreenshot=true, javascriptEnabled=true, setWindowRect=true, unexpectedAlertBehaviour=, applicationCacheEnabled=false, rotatable=false, networkConnectionEnabled=false, chrome={chromedriverVersion=2.43.600210 (68dcf5eebde37173d4027fa8635e332711d2874a), userDataDir=C:\Users\akhils\AppData\Local\Temp\scoped_dir12564_321}, takesHeapSnapshot=true, pageLoadStrategy=normal, databaseEnabled=false, handlesAlerts=true, version=80.0.3987.162, browserConnectionEnabled=false, nativeEvents=true, locationContextEnabled=true, cssSelectorsEnabled=true}]
Session ID: 1a3c5d758860b9adb358f3a92ac11677
Exception in screenshot Action : org.openqa.selenium.WebDriverException: chrome not reachable
  (Session info: chrome=80.0.3987.162)
  (Driver info: chromedriver=2.43.600210 (68dcf5eebde37173d4027fa8635e332711d2874a),platform=Windows NT 6.1.7601 SP1 x86_64) (WARNING: The server did not provide any stacktrace information)
Command duration or timeout: 4.04 seconds
Build info: version: '3.0.1', revision: '1969d75', time: '2016-10-18 09:49:13 -0700'
System info: host: 'LXI358', ip: '10.75.10.27', os.name: 'Windows 7', os.arch: 'amd64', os.version: '6.1', java.version: '1.8.0_191'
Driver info: org.openqa.selenium.chrome.ChromeDriver
Capabilities [{mobileEmulationEnabled=false, hasTouchScreen=false, platform=XP, acceptSslCerts=false, goog:chromeOptions={debuggerAddress=localhost:53361}, acceptInsecureCerts=false, webStorageEnabled=true, browserName=chrome, takesScreenshot=true, javascriptEnabled=true, setWindowRect=true, unexpectedAlertBehaviour=, applicationCacheEnabled=false, rotatable=false, networkConnectionEnabled=false, chrome={chromedriverVersion=2.43.600210 (68dcf5eebde37173d4027fa8635e332711d2874a), userDataDir=C:\Users\akhils\AppData\Local\Temp\scoped_dir12564_321}, takesHeapSnapshot=true, pageLoadStrategy=normal, databaseEnabled=false, handlesAlerts=true, version=80.0.3987.162, browserConnectionEnabled=false, nativeEvents=true, locationContextEnabled=true, cssSelectorsEnabled=true}]
Session ID: 1a3c5d758860b9adb358f3a92ac11677
]]></system-out>
    <system-err><![CDATA[Starting ChromeDriver 2.43.600210 (68dcf5eebde37173d4027fa8635e332711d2874a) on port 34060
Only local connections are allowed.
Apr 03, 2020 4:02:04 PM org.openqa.selenium.remote.ProtocolHandshake createSession
INFO: Attempting bi-dialect session, assuming Postel's Law holds true on the remote end
Apr 03, 2020 4:02:09 PM org.openqa.selenium.remote.ProtocolHandshake createSession
INFO: Detected dialect: OSS
[1585909938.837][WARNING]: Timed out connecting to Chrome, retrying...
]]></system-err>
  </testcase>
  <testcase name="instanceDbProvider" classname="Test.java.TestCases.Dataprovider1" time="0"/>
  <testcase name="instanceDbProvider" classname="Test.java.TestCases.Dataprovider1" time="0.003"/>
  <testcase name="instanceDbProvider" classname="Test.java.TestCases.Dataprovider1" time="0.002"/>
  <testcase name="instanceDbProvider" classname="Test.java.TestCases.Dataprovider1" time="0"/>
  <testcase name="instanceDbProvider" classname="Test.java.TestCases.Dataprovider1" time="0.003"/>
  <testcase name="instanceDbProvider" classname="Test.java.TestCases.Dataprovider1" time="0"/>
  <testcase name="instanceDbProvider" classname="Test.java.TestCases.Dataprovider1" time="0.001"/>
  <testcase name="instanceDbProvider" classname="Test.java.TestCases.Dataprovider1" time="0.001"/>
  <testcase name="instanceDbProvider" classname="Test.java.TestCases.Dataprovider1" time="0.001"/>
  <testcase name="instanceDbProvider" classname="Test.java.TestCases.Dataprovider1" time="0.001"/>
  <testcase name="instanceDbProvider" classname="Test.java.TestCases.Dataprovider1" time="0.001"/>
  <testcase name="instanceDbProvider" classname="Test.java.TestCases.Dataprovider1" time="0.001"/>
  <testcase name="instanceDbProvider" classname="Test.java.TestCases.Dataprovider1" time="0.002"/>
  <testcase name="instanceDbProvider" classname="Test.java.TestCases.Dataprovider1" time="0.003"/>
  <testcase name="instanceDbProvider" classname="Test.java.TestCases.Dataprovider1" time="0.003"/>
  <testcase name="instanceDbProvider" classname="Test.java.TestCases.Dataprovider1" time="0.001"/>
  <testcase name="instanceDbProvider" classname="Test.java.TestCases.Dataprovider1" time="0.004"/>
  <testcase name="instanceDbProvider" classname="Test.java.TestCases.Dataprovider1" time="0"/>
  <testcase name="instanceDbProvider" classname="Test.java.TestCases.Dataprovider1" time="0"/>
  <testcase name="instanceDbProvider" classname="Test.java.TestCases.Dataprovider1" time="0"/>
  <testcase name="instanceDbProvider" classname="Test.java.TestCases.Dataprovider1" time="0.001"/>
  <testcase name="instanceDbProvider" classname="Test.java.TestCases.Dataprovider1" time="0.001"/>
  <testcase name="instanceDbProvider" classname="Test.java.TestCases.Dataprovider1" time="0.001"/>
  <testcase name="instanceDbProvider" classname="Test.java.TestCases.Dataprovider1" time="0.001"/>
  <testcase name="instanceDbProvider" classname="Test.java.TestCases.Dataprovider1" time="0"/>
  <testcase name="instanceDbProvider" classname="Test.java.TestCases.Dataprovider1" time="0.001"/>
  <testcase name="instanceDbProvider" classname="Test.java.TestCases.Dataprovider1" time="0.001"/>
  <testcase name="instanceDbProvider" classname="Test.java.TestCases.Dataprovider1" time="0"/>
  <testcase name="instanceDbProvider" classname="Test.java.TestCases.Dataprovider1" time="0.001"/>
  <testcase name="instanceDbProvider" classname="Test.java.TestCases.Dataprovider1" time="0.001"/>
  <testcase name="instanceDbProvider" classname="Test.java.TestCases.Dataprovider1" time="0.001"/>
  <testcase name="instanceDbProvider" classname="Test.java.TestCases.Dataprovider1" time="0.001"/>
</testsuite>