<?xml version="1.0" encoding="UTF-8"?>
<!-- Generated by org.testng.reporters.JUnitReportReporter -->
<testsuite hostname="LXI358" name="Test.java.TestCases.Dataprovider1" tests="35" failures="1" timestamp="3 Apr 2020 10:32:21 GMT" time="17.508" errors="0">
  <testcase name="instanceDbProvider" time="0.001" classname="Test.java.TestCases.Dataprovider1"/>
  <testcase name="instanceDbProvider" time="0.000" classname="Test.java.TestCases.Dataprovider1"/>
  <testcase name="instanceDbProvider" time="0.001" classname="Test.java.TestCases.Dataprovider1"/>
  <testcase name="instanceDbProvider" time="0.002" classname="Test.java.TestCases.Dataprovider1"/>
  <testcase name="instanceDbProvider" time="0.002" classname="Test.java.TestCases.Dataprovider1"/>
  <testcase name="instanceDbProvider" time="0.001" classname="Test.java.TestCases.Dataprovider1"/>
  <testcase name="instanceDbProvider" time="0.001" classname="Test.java.TestCases.Dataprovider1"/>
  <testcase name="instanceDbProvider" time="0.001" classname="Test.java.TestCases.Dataprovider1"/>
  <testcase name="instanceDbProvider" time="0.001" classname="Test.java.TestCases.Dataprovider1"/>
  <testcase name="instanceDbProvider" time="0.004" classname="Test.java.TestCases.Dataprovider1"/>
  <testcase name="instanceDbProvider" time="0.000" classname="Test.java.TestCases.Dataprovider1"/>
  <testcase name="instanceDbProvider" time="17.462" classname="Test.java.TestCases.Dataprovider1">
    <failure type="org.openqa.selenium.WebDriverException" message="chrome not reachable
  (Session info: chrome=80.0.3987.162)
  (Driver info: chromedriver=2.43.600210 (68dcf5eebde37173d4027fa8635e332711d2874a),platform=Windows NT 6.1.7601 SP1 x86_64) (WARNING: The server did not provide any stacktrace information)
Command duration or timeout: 245 milliseconds
Build info: version: &#039;3.0.1&#039;, revision: &#039;1969d75&#039;, time: &#039;2016-10-18 09:49:13 -0700&#039;
System info: host: &#039;LXI358&#039;, ip: &#039;10.75.10.27&#039;, os.name: &#039;Windows 7&#039;, os.arch: &#039;amd64&#039;, os.version: &#039;6.1&#039;, java.version: &#039;1.8.0_191&#039;
Driver info: org.openqa.selenium.chrome.ChromeDriver
Capabilities [{mobileEmulationEnabled=false, hasTouchScreen=false, platform=XP, acceptSslCerts=false, goog:chromeOptions={debuggerAddress=localhost:53361}, acceptInsecureCerts=false, webStorageEnabled=true, browserName=chrome, takesScreenshot=true, javascriptEnabled=true, setWindowRect=true, unexpectedAlertBehaviour=, applicationCacheEnabled=false, rotatable=false, networkConnectionEnabled=false, chrome={chromedriverVersion=2.43.600210 (68dcf5eebde37173d4027fa8635e332711d2874a), userDataDir=C:\Users\akhils\AppData\Local\Temp\scoped_dir12564_321}, takesHeapSnapshot=true, pageLoadStrategy=normal, databaseEnabled=false, handlesAlerts=true, version=80.0.3987.162, browserConnectionEnabled=false, nativeEvents=true, locationContextEnabled=true, cssSelectorsEnabled=true}]
Session ID: 1a3c5d758860b9adb358f3a92ac11677">
      <![CDATA[org.openqa.selenium.WebDriverException: chrome not reachable
  (Session info: chrome=80.0.3987.162)
  (Driver info: chromedriver=2.43.600210 (68dcf5eebde37173d4027fa8635e332711d2874a),platform=Windows NT 6.1.7601 SP1 x86_64) (WARNING: The server did not provide any stacktrace information)
Command duration or timeout: 245 milliseconds
Build info: version: '3.0.1', revision: '1969d75', time: '2016-10-18 09:49:13 -0700'
System info: host: 'LXI358', ip: '10.75.10.27', os.name: 'Windows 7', os.arch: 'amd64', os.version: '6.1', java.version: '1.8.0_191'
Driver info: org.openqa.selenium.chrome.ChromeDriver
Capabilities [{mobileEmulationEnabled=false, hasTouchScreen=false, platform=XP, acceptSslCerts=false, goog:chromeOptions={debuggerAddress=localhost:53361}, acceptInsecureCerts=false, webStorageEnabled=true, browserName=chrome, takesScreenshot=true, javascriptEnabled=true, setWindowRect=true, unexpectedAlertBehaviour=, applicationCacheEnabled=false, rotatable=false, networkConnectionEnabled=false, chrome={chromedriverVersion=2.43.600210 (68dcf5eebde37173d4027fa8635e332711d2874a), userDataDir=C:\Users\akhils\AppData\Local\Temp\scoped_dir12564_321}, takesHeapSnapshot=true, pageLoadStrategy=normal, databaseEnabled=false, handlesAlerts=true, version=80.0.3987.162, browserConnectionEnabled=false, nativeEvents=true, locationContextEnabled=true, cssSelectorsEnabled=true}]
Session ID: 1a3c5d758860b9adb358f3a92ac11677
	at sun.reflect.NativeConstructorAccessorImpl.newInstance0(Native Method)
	at sun.reflect.NativeConstructorAccessorImpl.newInstance(NativeConstructorAccessorImpl.java:62)
	at sun.reflect.DelegatingConstructorAccessorImpl.newInstance(DelegatingConstructorAccessorImpl.java:45)
	at java.lang.reflect.Constructor.newInstance(Constructor.java:423)
	at org.openqa.selenium.remote.ErrorHandler.createThrowable(ErrorHandler.java:216)
	at org.openqa.selenium.remote.ErrorHandler.throwIfResponseFailed(ErrorHandler.java:168)
	at org.openqa.selenium.remote.RemoteWebDriver.execute(RemoteWebDriver.java:635)
	at org.openqa.selenium.remote.RemoteWebDriver.execute(RemoteWebDriver.java:658)
	at org.openqa.selenium.remote.RemoteWebDriver.close(RemoteWebDriver.java:487)
	at Test.java.MasterClsPkg.screnshotcls.<init>(screnshotcls.java:50)
	at Test.java.MasterClsPkg.MasterActions.myAction(MasterActions.java:2222)
	at Test.java.TestCases.Dataprovider1.instanceDbProvider(Dataprovider1.java:160)
	at sun.reflect.NativeMethodAccessorImpl.invoke0(Native Method)
	at sun.reflect.NativeMethodAccessorImpl.invoke(NativeMethodAccessorImpl.java:62)
	at sun.reflect.DelegatingMethodAccessorImpl.invoke(DelegatingMethodAccessorImpl.java:43)
	at java.lang.reflect.Method.invoke(Method.java:498)
	at org.testng.internal.MethodInvocationHelper.invokeMethod(MethodInvocationHelper.java:84)
	at org.testng.internal.Invoker.invokeMethod(Invoker.java:714)
	at org.testng.internal.Invoker.invokeTestMethod(Invoker.java:901)
	at org.testng.internal.Invoker.invokeTestMethods(Invoker.java:1231)
	at org.testng.internal.TestMethodWorker.invokeTestMethods(TestMethodWorker.java:127)
	at org.testng.internal.TestMethodWorker.run(TestMethodWorker.java:111)
	at org.testng.TestRunner.privateRun(TestRunner.java:767)
	at org.testng.TestRunner.run(TestRunner.java:617)
	at org.testng.SuiteRunner.runTest(SuiteRunner.java:348)
	at org.testng.SuiteRunner.runSequentially(SuiteRunner.java:343)
	at org.testng.SuiteRunner.privateRun(SuiteRunner.java:305)
	at org.testng.SuiteRunner.run(SuiteRunner.java:254)
	at org.testng.SuiteRunnerWorker.runSuite(SuiteRunnerWorker.java:52)
	at org.testng.SuiteRunnerWorker.run(SuiteRunnerWorker.java:86)
	at org.testng.TestNG.runSuitesSequentially(TestNG.java:1224)
	at org.testng.TestNG.runSuitesLocally(TestNG.java:1149)
	at org.testng.TestNG.run(TestNG.java:1057)
	at org.apache.maven.surefire.testng.TestNGExecutor.run(TestNGExecutor.java:281)
	at org.apache.maven.surefire.testng.TestNGXmlTestSuite.execute(TestNGXmlTestSuite.java:75)
	at org.apache.maven.surefire.testng.TestNGProvider.invoke(TestNGProvider.java:121)
	at org.apache.maven.surefire.booter.ForkedBooter.invokeProviderInSameClassLoader(ForkedBooter.java:290)
	at org.apache.maven.surefire.booter.ForkedBooter.runSuitesInProcess(ForkedBooter.java:242)
	at org.apache.maven.surefire.booter.ForkedBooter.main(ForkedBooter.java:121)
]]>
    </failure>
  </testcase> <!-- instanceDbProvider -->
  <testcase name="instanceDbProvider" time="0.001" classname="Test.java.TestCases.Dataprovider1"/>
  <testcase name="instanceDbProvider" time="0.001" classname="Test.java.TestCases.Dataprovider1"/>
  <testcase name="instanceDbProvider" time="0.001" classname="Test.java.TestCases.Dataprovider1"/>
  <testcase name="instanceDbProvider" time="0.001" classname="Test.java.TestCases.Dataprovider1"/>
  <testcase name="instanceDbProvider" time="0.003" classname="Test.java.TestCases.Dataprovider1"/>
  <testcase name="instanceDbProvider" time="0.001" classname="Test.java.TestCases.Dataprovider1"/>
  <testcase name="instanceDbProvider" time="0.000" classname="Test.java.TestCases.Dataprovider1"/>
  <testcase name="instanceDbProvider" time="0.001" classname="Test.java.TestCases.Dataprovider1"/>
  <testcase name="instanceDbProvider" time="0.001" classname="Test.java.TestCases.Dataprovider1"/>
  <testcase name="instanceDbProvider" time="0.001" classname="Test.java.TestCases.Dataprovider1"/>
  <testcase name="instanceDbProvider" time="0.001" classname="Test.java.TestCases.Dataprovider1"/>
  <testcase name="instanceDbProvider" time="0.001" classname="Test.java.TestCases.Dataprovider1"/>
  <testcase name="instanceDbProvider" time="0.000" classname="Test.java.TestCases.Dataprovider1"/>
  <testcase name="instanceDbProvider" time="0.001" classname="Test.java.TestCases.Dataprovider1"/>
  <testcase name="instanceDbProvider" time="0.001" classname="Test.java.TestCases.Dataprovider1"/>
  <testcase name="instanceDbProvider" time="0.001" classname="Test.java.TestCases.Dataprovider1"/>
  <testcase name="instanceDbProvider" time="0.001" classname="Test.java.TestCases.Dataprovider1"/>
  <testcase name="instanceDbProvider" time="0.009" classname="Test.java.TestCases.Dataprovider1"/>
  <testcase name="instanceDbProvider" time="0.000" classname="Test.java.TestCases.Dataprovider1"/>
  <testcase name="instanceDbProvider" time="0.003" classname="Test.java.TestCases.Dataprovider1"/>
  <testcase name="instanceDbProvider" time="0.001" classname="Test.java.TestCases.Dataprovider1"/>
  <testcase name="instanceDbProvider" time="0.002" classname="Test.java.TestCases.Dataprovider1"/>
  <testcase name="instanceDbProvider" time="0.000" classname="Test.java.TestCases.Dataprovider1"/>
</testsuite> <!-- Test.java.TestCases.Dataprovider1 -->
